<?xml version="1.0" encoding="UTF-8"?>
<!-- Generated by org.testng.reporters.JUnitXMLReporter -->
<testsuite ignored="0" hostname="LAPTOP-R07BNFKB" failures="1" tests="2" name="Test2" time="61.844" errors="0" timestamp="2026-03-10T10:34:28 IST">
  <testcase classname="com.comcast.crm.contacttest.CreateContactTest" name="creatContactTest" time="9.247">
    <failure type="java.lang.AssertionError" message="The following asserts failed:
	did not expect [PinkPriya_774] but found [PinkPriya_774]">
      <![CDATA[java.lang.AssertionError: The following asserts failed:
did not expect [PinkPriya_774] but found [PinkPriya_774]
at com.comcast.crm.contacttest.CreateContactTest.creatContactTest(CreateContactTest.java:54)
at java.base/java.util.ArrayList.forEach(ArrayList.java:1596)
at java.base/java.util.concurrent.FutureTask.run(FutureTask.java:317)
at java.base/java.util.concurrent.ThreadPoolExecutor.runWorker(ThreadPoolExecutor.java:1144)
at java.base/java.util.concurrent.ThreadPoolExecutor$Worker.run(ThreadPoolExecutor.java:642)
at java.base/java.lang.Thread.run(Thread.java:1583)
... Removed 17 stack frames]]>
    </failure>
  </testcase> <!-- creatContactTest -->
  <testcase classname="com.comcast.crm.contacttest.CreateContactTest" name="createContactWithSupportDateTest" time="4.443"/>
</testsuite> <!-- Test2 -->
