<?xml version="1.0" encoding="UTF-8"?>
<!-- Generated by org.testng.reporters.JUnitXMLReporter -->
<testsuite ignored="2" hostname="LAPTOP-R07BNFKB" failures="0" tests="1" name="Test" time="20.274" errors="0" timestamp="2026-03-10T11:02:14 IST">
  <testcase classname="com.comcast.crm.orgtest.CreateOrganizationWithORG_Industry_PhoneNumberTest" name="createOrg" time="5.161"/>
  <testcase classname="com.comcast.crm.orgtest.CreateOrganizationWithORG_Industry_PhoneNumberTest" name="CreateOrganizationWithPhoneNumberTest" time="0.0">
    <ignored/>
  </testcase> <!-- CreateOrganizationWithPhoneNumberTest -->
  <testcase classname="com.comcast.crm.orgtest.CreateOrganizationWithORG_Industry_PhoneNumberTest" name="createOrgWithIndustriesAndType" time="0.0">
    <ignored/>
  </testcase> <!-- createOrgWithIndustriesAndType -->
</testsuite> <!-- Test -->
