<?xml version="1.0" encoding="UTF-8"?>
<!-- Generated by org.testng.reporters.JUnitXMLReporter -->
<testsuite ignored="2" hostname="LAPTOP-R07BNFKB" failures="0" tests="5" name="TestRunner-Chrome" time="81.154" errors="0" timestamp="2026-02-25T14:43:36 IST">
  <testcase classname="com.comcast.crm.contacttest.CreateContactTest" name="creatContactTest" time="5.988"/>
  <testcase classname="com.comcast.crm.contacttest.CreateContactTest" name="createContactWithSupportDateTest" time="7.644"/>
  <testcase classname="com.comcast.crm.orgtest.CreateOrganizationWithORG_Industry_PhoneNumberTest" name="CreateOrganizationWithPhoneNumberTest" time="8.906"/>
  <testcase classname="com.comcast.crm.orgtest.CreateOrganizationWithORG_Industry_PhoneNumberTest" name="createOrg" time="6.768"/>
  <testcase classname="com.comcast.crm.orgtest.CreateOrganizationWithORG_Industry_PhoneNumberTest" name="createOrgWithIndustriesAndType" time="9.02"/>
  <testcase classname="com.comcast.crm.baseTest.BaseClass" name="@BeforeSuite configBSuit" time="0.0">
    <ignored/>
  </testcase> <!-- @BeforeSuite configBSuit -->
  <testcase classname="com.comcast.crm.baseTest.BaseClass" name="@AfterSuite configAS" time="0.0">
    <ignored/>
  </testcase> <!-- @AfterSuite configAS -->
</testsuite> <!-- TestRunner-Chrome -->
