<?xml version="1.0" encoding="UTF-8"?>
<!-- Generated by org.testng.reporters.JUnitReportReporter -->
<testsuite hostname="LAPTOP-R07BNFKB" failures="0" tests="3" name="practice.test.GetProductInfoTest" time="37.408" errors="0" timestamp="2026-02-20T12:34:05 IST" skipped="0">
  <testcase classname="practice.test.GetProductInfoTest" name="getProductInfoTest" time="10.688"/>
  <testcase classname="practice.test.GetProductInfoTest" name="getProductInfoTest" time="16.115"/>
  <testcase classname="practice.test.GetProductInfoTest" name="getProductInfoTest" time="10.605"/>
</testsuite> <!-- practice.test.GetProductInfoTest -->
