<?xml version="1.0" encoding="UTF-8"?>
<!-- Generated by org.testng.reporters.JUnitReportReporter -->
<testsuite hostname="LAPTOP-R07BNFKB" failures="0" tests="1" name="com.comcast.crm.orgtest.CreateOrganizationWithORG_Industry_PhoneNumberTest" time="12.008" errors="0" timestamp="2026-03-10T11:02:15 IST" skipped="0">
  <testcase classname="com.comcast.crm.orgtest.CreateOrganizationWithORG_Industry_PhoneNumberTest" name="createOrg" time="12.008"/>
</testsuite> <!-- com.comcast.crm.orgtest.CreateOrganizationWithORG_Industry_PhoneNumberTest -->
