<?xml version="1.0" encoding="UTF-8"?>
<testng-results ignored="2" total="3" passed="1" failed="0" skipped="0">
  <reporter-output>
  </reporter-output>
  <suite started-at="2026-03-10T11:01:54 IST" name="Suite" finished-at="2026-03-10T11:02:14 IST" duration-ms="20274">
    <groups>
      <group name="regressionTest">
        <method signature="CreateOrganizationWithORG_Industry_PhoneNumberTest.createOrg()[pri:0, instance:com.comcast.crm.orgtest.CreateOrganizationWithORG_Industry_PhoneNumberTest@79079097]" name="createOrg" class="com.comcast.crm.orgtest.CreateOrganizationWithORG_Industry_PhoneNumberTest"/>
      </group> <!-- regressionTest -->
      <group name="smokeTest">
        <method signature="CreateOrganizationWithORG_Industry_PhoneNumberTest.createOrg()[pri:0, instance:com.comcast.crm.orgtest.CreateOrganizationWithORG_Industry_PhoneNumberTest@79079097]" name="createOrg" class="com.comcast.crm.orgtest.CreateOrganizationWithORG_Industry_PhoneNumberTest"/>
      </group> <!-- smokeTest -->
    </groups>
    <test started-at="2026-03-10T11:01:54 IST" name="Test" finished-at="2026-03-10T11:02:14 IST" duration-ms="20274">
      <class name="com.comcast.crm.orgtest.CreateOrganizationWithORG_Industry_PhoneNumberTest">
        <test-method is-config="true" signature="configBSuit()[pri:0, instance:com.comcast.crm.orgtest.CreateOrganizationWithORG_Industry_PhoneNumberTest@79079097]" started-at="2026-03-10T11:01:52 IST" name="configBSuit" finished-at="2026-03-10T11:01:54 IST" duration-ms="1739" status="PASS">
          <reporter-output>
          </reporter-output>
        </test-method> <!-- configBSuit -->
        <test-method is-config="true" signature="configBC()[pri:0, instance:com.comcast.crm.orgtest.CreateOrganizationWithORG_Industry_PhoneNumberTest@79079097]" started-at="2026-03-10T11:01:54 IST" name="configBC" finished-at="2026-03-10T11:02:01 IST" duration-ms="6481" status="PASS">
          <reporter-output>
          </reporter-output>
        </test-method> <!-- configBC -->
        <test-method is-config="true" signature="configBM()[pri:0, instance:com.comcast.crm.orgtest.CreateOrganizationWithORG_Industry_PhoneNumberTest@79079097]" started-at="2026-03-10T11:02:01 IST" name="configBM" finished-at="2026-03-10T11:02:04 IST" duration-ms="3542" status="PASS">
          <reporter-output>
          </reporter-output>
        </test-method> <!-- configBM -->
        <test-method signature="createOrg()[pri:0, instance:com.comcast.crm.orgtest.CreateOrganizationWithORG_Industry_PhoneNumberTest@79079097]" started-at="2026-03-10T11:02:04 IST" name="createOrg" finished-at="2026-03-10T11:02:09 IST" duration-ms="5161" status="PASS">
          <reporter-output>
          </reporter-output>
        </test-method> <!-- createOrg -->
        <test-method is-config="true" signature="configAM()[pri:0, instance:com.comcast.crm.orgtest.CreateOrganizationWithORG_Industry_PhoneNumberTest@79079097]" started-at="2026-03-10T11:02:09 IST" name="configAM" finished-at="2026-03-10T11:02:13 IST" duration-ms="3305" status="PASS">
          <reporter-output>
          </reporter-output>
        </test-method> <!-- configAM -->
        <test-method is-config="true" signature="configAC()[pri:0, instance:com.comcast.crm.orgtest.CreateOrganizationWithORG_Industry_PhoneNumberTest@79079097]" started-at="2026-03-10T11:02:13 IST" name="configAC" finished-at="2026-03-10T11:02:14 IST" duration-ms="1705" status="PASS">
          <reporter-output>
          </reporter-output>
        </test-method> <!-- configAC -->
        <test-method is-config="true" signature="configAS()[pri:0, instance:com.comcast.crm.orgtest.CreateOrganizationWithORG_Industry_PhoneNumberTest@79079097]" started-at="2026-03-10T11:02:14 IST" name="configAS" finished-at="2026-03-10T11:02:14 IST" duration-ms="11" status="PASS">
          <reporter-output>
          </reporter-output>
        </test-method> <!-- configAS -->
      </class> <!-- com.comcast.crm.orgtest.CreateOrganizationWithORG_Industry_PhoneNumberTest -->
    </test> <!-- Test -->
  </suite> <!-- Suite -->
</testng-results>
